This file contains any messages produced by compilers while
running configure, to aid debugging if configure makes a mistake.

configure:747: checking host system type
configure:768: checking target system type
configure:786: checking build system type
configure:821: checking for a BSD compatible install
configure:874: checking whether build environment is sane
configure:931: checking whether make sets ${MAKE}
configure:977: checking for working aclocal
configure:990: checking for working autoconf
configure:1003: checking for working automake
configure:1016: checking for working autoheader
configure:1029: checking for working makeinfo
configure:1043: checking for Cygwin environment
configure:1076: checking for mingw32 environment
configure:1105: checking how to run the C preprocessor
configure:1256: checking for gcc
configure:1369: checking whether the C compiler (gcc  ) works
configure:1385: gcc -o conftest    conftest.c  1>&5
configure:1411: checking whether the C compiler (gcc  ) is a cross-compiler
configure:1416: checking whether we are using GNU C
configure:1444: checking whether gcc accepts -g
configure:1487: checking for ld used by GCC
configure:1555: checking if the linker (/usr/bin/ld) is GNU ld
configure:1572: checking for /usr/bin/ld option to reload object files
configure:1584: checking for BSD-compatible nm
configure:1622: checking whether ln -s works
configure:1643: checking how to recognise dependant libraries
configure:1816: checking for object suffix
configure:1842: checking for executable suffix
configure:1883: checking command to parse /usr/bin/nm -B output
configure:2059: checking for dlfcn.h
configure:2237: checking for ranlib
configure:2304: checking for strip
configure:2540: checking for objdir
configure:2567: checking for gcc option to produce PIC
configure:2719: checking if gcc PIC flag    -fPIC works
configure:2785: checking if gcc static flag -static works
configure:2827: checking if gcc supports -c -o file.o
configure:2875: checking if gcc supports -c -o file.lo
configure:2940: checking if gcc supports -fno-rtti -fno-exceptions
configure:2953: gcc -c -g -O2 -fno-rtti -fno-exceptions -c conftest.c  conftest.c 1>&5
configure:2980: checking whether the linker (/usr/bin/ld) supports shared libraries
configure:3596: checking how to hardcode library paths into programs
configure:3624: checking whether stripping libraries is possible
configure:3638: checking dynamic linker characteristics
configure:4024: checking if libtool supports shared libraries
configure:4517: checking whether -lc should be explicitly linked in
configure:5115: checking whether to enable maintainer-specific portions of Makefiles
configure:5142: checking for gcc
configure:5255: checking whether the C compiler (gcc -g -O2 ) works
configure:5271: gcc -o conftest -g -O2   conftest.c  1>&5
configure:5297: checking whether the C compiler (gcc -g -O2 ) is a cross-compiler
configure:5302: checking whether we are using GNU C
configure:5330: checking whether gcc accepts -g
