This file contains any messages produced by compilers while
running configure, to aid debugging if configure makes a mistake.

It was created by configure, which was
generated by GNU Autoconf 2.59.  Invocation command line was

  $ ./configure --prefix=/usr --disable-static

## --------- ##
## Platform. ##
## --------- ##

hostname = dhcppc4
uname -m = arm
uname -r = 2.6.18.8-0.5-default
uname -s = Linux
uname -v = #1 SMP Fri Jun 22 12:17:53 UTC 2007

/usr/bin/uname -p = unknown
/bin/uname -X     = unknown

/bin/arch              = arm
/usr/bin/arch -k       = arm
/usr/convex/getsysinfo = unknown
hostinfo               = unknown
/bin/machine           = unknown
/usr/bin/oslevel       = unknown
/bin/universe          = unknown

PATH: /scratchbox/devkits/maemo3-debian/bin
PATH: /scratchbox/devkits/cputransp/bin
PATH: /scratchbox/devkits/maemo3-tools/bin
PATH: /scratchbox/devkits/debian-sarge/bin
PATH: /scratchbox/devkits/perl/bin
PATH: /scratchbox/tools/bin
PATH: /targets/links/arch_tools/bin
PATH: /host_usr/bin
PATH: /scratchbox/compilers/bin
PATH: /bin
PATH: /usr/bin
PATH: /usr/local/bin
PATH: /usr/X11R6/bin
PATH: /sbin
PATH: /usr/sbin


## ----------- ##
## Core tests. ##
## ----------- ##

configure:1536: checking for a BSD-compatible install
configure:1591: result: /scratchbox/tools/bin/install -c
configure:1602: checking whether build environment is sane
configure:1645: result: yes
configure:1678: checking for gawk
configure:1694: found /scratchbox/tools/bin/gawk
configure:1704: result: gawk
configure:1714: checking whether make sets $(MAKE)
configure:1734: result: yes
configure:1914: checking for style of include used by make
configure:1942: result: GNU
configure:2013: checking for gcc
configure:2029: found /scratchbox/compilers/bin/gcc
configure:2039: result: gcc
configure:2283: checking for C compiler version
configure:2286: gcc --version </dev/null >&5
sbox-arm-linux-gcc (GCC) 3.4.4 (release) (CodeSourcery ARM 2005q3-2)
Copyright (C) 2004 Free Software Foundation, Inc.
This is free software; see the source for copying conditions.  There is NO
warranty; not even for MERCHANTABILITY or FITNESS FOR A PARTICULAR PURPOSE.

configure:2289: $? = 0
configure:2291: gcc -v </dev/null >&5
Reading specs from /scratchbox/compilers/cs2005q3.2-glibc-arm/lib/gcc/arm-none-linux-gnueabi/3.4.4/specs
Reading specs from /scratchbox/compilers/cs2005q3.2-glibc-arm/gcc.specs
rename spec cpp to old_cpp
Configured with: /home/kl/cs2005q3-2_toolchain/gcc/glibc/work/gcc-2005q3-2/configure --build=i386-linux --host=i386-linux --target=arm-none-linux-gnueabi --prefix=/scratchbox/compilers/cs2005q3.2-glibc-arm --with-headers=/scratchbox/compilers/cs2005q3.2-glibc-arm/usr/include --enable-languages=c,c++ --enable-shared --enable-threads --disable-checking --enable-symvers=gnu --program-prefix=arm-linux- --with-gnu-ld --enable-__cxa_atexit --disable-libssp --disable-libstdcxx-pch --with-cpu= --enable-interwork
Thread model: posix
gcc version 3.4.4 (release) (CodeSourcery ARM 2005q3-2)
configure:2294: $? = 0
configure:2296: gcc -V </dev/null >&5
sbox-arm-linux-gcc: `-V' must come at the start of the command line
configure:2299: $? = 1
configure:2322: checking for C compiler default output file name
configure:2325: gcc -Wall -g -O2   conftest.c  >&5
configure:2328: $? = 0
configure:2374: result: a.out
configure:2379: checking whether the C compiler works
configure:2385: ./a.out
configure:2388: $? = 0
configure:2405: result: yes
configure:2412: checking whether we are cross compiling
configure:2414: result: no
configure:2417: checking for suffix of executables
configure:2419: gcc -o conftest -Wall -g -O2   conftest.c  >&5
configure:2422: $? = 0
configure:2447: result: 
configure:2453: checking for suffix of object files
configure:2474: gcc -c -Wall -g -O2  conftest.c >&5
configure:2477: $? = 0
configure:2499: result: o
configure:2503: checking whether we are using the GNU C compiler
configure:2527: gcc -c -Wall -g -O2  conftest.c >&5
configure:2533: $? = 0
configure:2536: test -z 			 || test ! -s conftest.err
configure:2539: $? = 0
configure:2542: test -s conftest.o
configure:2545: $? = 0
configure:2558: result: yes
configure:2564: checking whether gcc accepts -g
configure:2585: gcc -c -g  conftest.c >&5
configure:2591: $? = 0
configure:2594: test -z 			 || test ! -s conftest.err
configure:2597: $? = 0
configure:2600: test -s conftest.o
configure:2603: $? = 0
configure:2614: result: yes
configure:2631: checking for gcc option to accept ANSI C
configure:2701: gcc  -c -Wall -g -O2  conftest.c >&5
configure:2707: $? = 0
configure:2710: test -z 			 || test ! -s conftest.err
configure:2713: $? = 0
configure:2716: test -s conftest.o
configure:2719: $? = 0
configure:2737: result: none needed
configure:2755: gcc -c -Wall -g -O2  conftest.c >&5
conftest.c:2: error: syntax error before "me"
configure:2761: $? = 1
configure: failed program was:
| #ifndef __cplusplus
|   choke me
| #endif
configure:2893: checking dependency style of gcc
configure:2976: result: gcc3
configure:2998: checking how to run the C preprocessor
configure:3033: gcc -E  conftest.c
configure:3039: $? = 0
configure:3071: gcc -E  conftest.c
conftest.c:11:28: ac_nonexistent.h: No such file or directory
configure:3077: $? = 1
configure: failed program was:
| /* confdefs.h.  */
| 
| #define PACKAGE_NAME ""
| #define PACKAGE_TARNAME ""
| #define PACKAGE_VERSION ""
| #define PACKAGE_STRING ""
| #define PACKAGE_BUGREPORT ""
| #define PACKAGE "gpesummary"
| #define VERSION "0.6"
| /* end confdefs.h.  */
| #include <ac_nonexistent.h>
configure:3116: result: gcc -E
configure:3140: gcc -E  conftest.c
configure:3146: $? = 0
configure:3178: gcc -E  conftest.c
conftest.c:11:28: ac_nonexistent.h: No such file or directory
configure:3184: $? = 1
configure: failed program was:
| /* confdefs.h.  */
| 
| #define PACKAGE_NAME ""
| #define PACKAGE_TARNAME ""
| #define PACKAGE_VERSION ""
| #define PACKAGE_STRING ""
| #define PACKAGE_BUGREPORT ""
| #define PACKAGE "gpesummary"
| #define VERSION "0.6"
| /* end confdefs.h.  */
| #include <ac_nonexistent.h>
configure:3240: checking for a BSD-compatible install
configure:3295: result: /scratchbox/tools/bin/install -c
configure:3384: checking build system type
configure:3402: result: arm-unknown-linux-gnu
configure:3410: checking host system type
configure:3424: result: arm-unknown-linux-gnu
configure:3432: checking for a sed that does not truncate output
configure:3486: result: /scratchbox/tools/bin/sed
configure:3489: checking for egrep
configure:3499: result: grep -E
configure:3515: checking for ld used by gcc
configure:3582: result: /scratchbox/compilers/cs2005q3.2-glibc-arm/arm-none-linux-gnueabi/bin/ld
configure:3591: checking if the linker (/scratchbox/compilers/cs2005q3.2-glibc-arm/arm-none-linux-gnueabi/bin/ld) is GNU ld
configure:3606: result: yes
configure:3611: checking for /scratchbox/compilers/cs2005q3.2-glibc-arm/arm-none-linux-gnueabi/bin/ld option to reload object files
configure:3618: result: -r
configure:3636: checking for BSD-compatible nm
configure:3678: result: /scratchbox/compilers/bin/nm -B
configure:3682: checking whether ln -s works
configure:3686: result: yes
configure:3693: checking how to recognise dependent libraries
configure:3865: result: pass_all
configure:4074: checking for ANSI C header files
configure:4099: gcc -c -Wall -g -O2  conftest.c >&5
configure:4105: $? = 0
configure:4108: test -z 			 || test ! -s conftest.err
configure:4111: $? = 0
configure:4114: test -s conftest.o
configure:4117: $? = 0
configure:4203: gcc -o conftest -Wall -g -O2   conftest.c  >&5
conftest.c: In function `main':
conftest.c:28: warning: implicit declaration of function `exit'
configure:4206: $? = 0
configure:4208: ./conftest
configure:4211: $? = 0
configure:4226: result: yes
configure:4250: checking for sys/types.h
configure:4266: gcc -c -Wall -g -O2  conftest.c >&5
configure:4272: $? = 0
configure:4275: test -z 			 || test ! -s conftest.err
configure:4278: $? = 0
configure:4281: test -s conftest.o
configure:4284: $? = 0
configure:4295: result: yes
configure:4250: checking for sys/stat.h
configure:4266: gcc -c -Wall -g -O2  conftest.c >&5
configure:4272: $? = 0
configure:4275: test -z 			 || test ! -s conftest.err
configure:4278: $? = 0
configure:4281: test -s conftest.o
configure:4284: $? = 0
configure:4295: result: yes
configure:4250: checking for stdlib.h
configure:4266: gcc -c -Wall -g -O2  conftest.c >&5
configure:4272: $? = 0
configure:4275: test -z 			 || test ! -s conftest.err
configure:4278: $? = 0
configure:4281: test -s conftest.o
configure:4284: $? = 0
configure:4295: result: yes
configure:4250: checking for string.h
configure:4266: gcc -c -Wall -g -O2  conftest.c >&5
configure:4272: $? = 0
configure:4275: test -z 			 || test ! -s conftest.err
configure:4278: $? = 0
configure:4281: test -s conftest.o
configure:4284: $? = 0
configure:4295: result: yes
configure:4250: checking for memory.h
configure:4266: gcc -c -Wall -g -O2  conftest.c >&5
configure:4272: $? = 0
configure:4275: test -z 			 || test ! -s conftest.err
configure:4278: $? = 0
configure:4281: test -s conftest.o
configure:4284: $? = 0
configure:4295: result: yes
configure:4250: checking for strings.h
configure:4266: gcc -c -Wall -g -O2  conftest.c >&5
configure:4272: $? = 0
configure:4275: test -z 			 || test ! -s conftest.err
configure:4278: $? = 0
configure:4281: test -s conftest.o
configure:4284: $? = 0
configure:4295: result: yes
configure:4250: checking for inttypes.h
configure:4266: gcc -c -Wall -g -O2  conftest.c >&5
configure:4272: $? = 0
configure:4275: test -z 			 || test ! -s conftest.err
configure:4278: $? = 0
configure:4281: test -s conftest.o
configure:4284: $? = 0
configure:4295: result: yes
configure:4250: checking for stdint.h
configure:4266: gcc -c -Wall -g -O2  conftest.c >&5
configure:4272: $? = 0
configure:4275: test -z 			 || test ! -s conftest.err
configure:4278: $? = 0
configure:4281: test -s conftest.o
configure:4284: $? = 0
configure:4295: result: yes
configure:4250: checking for unistd.h
configure:4266: gcc -c -Wall -g -O2  conftest.c >&5
configure:4272: $? = 0
configure:4275: test -z 			 || test ! -s conftest.err
configure:4278: $? = 0
configure:4281: test -s conftest.o
configure:4284: $? = 0
configure:4295: result: yes
configure:4321: checking dlfcn.h usability
configure:4333: gcc -c -Wall -g -O2  conftest.c >&5
configure:4339: $? = 0
configure:4342: test -z 			 || test ! -s conftest.err
configure:4345: $? = 0
configure:4348: test -s conftest.o
configure:4351: $? = 0
configure:4361: result: yes
configure:4365: checking dlfcn.h presence
configure:4375: gcc -E  conftest.c
configure:4381: $? = 0
configure:4401: result: yes
configure:4436: checking for dlfcn.h
configure:4443: result: yes
configure:4508: checking for g++
configure:4524: found /scratchbox/compilers/bin/g++
configure:4534: result: g++
configure:4550: checking for C++ compiler version
configure:4553: g++ --version </dev/null >&5
sbox-arm-linux-g++ (GCC) 3.4.4 (release) (CodeSourcery ARM 2005q3-2)
Copyright (C) 2004 Free Software Foundation, Inc.
This is free software; see the source for copying conditions.  There is NO
warranty; not even for MERCHANTABILITY or FITNESS FOR A PARTICULAR PURPOSE.

configure:4556: $? = 0
configure:4558: g++ -v </dev/null >&5
Reading specs from /scratchbox/compilers/cs2005q3.2-glibc-arm/lib/gcc/arm-none-linux-gnueabi/3.4.4/specs
Reading specs from /scratchbox/compilers/cs2005q3.2-glibc-arm/gcc.specs
rename spec cpp to old_cpp
Configured with: /home/kl/cs2005q3-2_toolchain/gcc/glibc/work/gcc-2005q3-2/configure --build=i386-linux --host=i386-linux --target=arm-none-linux-gnueabi --prefix=/scratchbox/compilers/cs2005q3.2-glibc-arm --with-headers=/scratchbox/compilers/cs2005q3.2-glibc-arm/usr/include --enable-languages=c,c++ --enable-shared --enable-threads --disable-checking --enable-symvers=gnu --program-prefix=arm-linux- --with-gnu-ld --enable-__cxa_atexit --disable-libssp --disable-libstdcxx-pch --with-cpu= --enable-interwork
Thread model: posix
gcc version 3.4.4 (release) (CodeSourcery ARM 2005q3-2)
configure:4561: $? = 0
configure:4563: g++ -V </dev/null >&5
sbox-arm-linux-g++: argument to `-V' missing

configure:4566: $? = 1
configure:4569: checking whether we are using the GNU C++ compiler
configure:4593: g++ -c   conftest.cc >&5
configure:4599: $? = 0
configure:4602: test -z 			 || test ! -s conftest.err
configure:4605: $? = 0
configure:4608: test -s conftest.o
configure:4611: $? = 0
configure:4624: result: yes
configure:4630: checking whether g++ accepts -g
configure:4651: g++ -c -g  conftest.cc >&5
configure:4657: $? = 0
configure:4660: test -z 			 || test ! -s conftest.err
configure:4663: $? = 0
configure:4666: test -s conftest.o
configure:4669: $? = 0
configure:4680: result: yes
configure:4722: g++ -c -g -O2  conftest.cc >&5
configure:4728: $? = 0
configure:4731: test -z 			 || test ! -s conftest.err
configure:4734: $? = 0
configure:4737: test -s conftest.o
configure:4740: $? = 0
configure:4766: g++ -c -g -O2  conftest.cc >&5
conftest.cc: In function `int main()':
conftest.cc:26: error: `exit' undeclared (first use this function)
conftest.cc:26: error: (Each undeclared identifier is reported only once for each function it appears in.)
configure:4772: $? = 1
configure: failed program was:
| /* confdefs.h.  */
| 
| #define PACKAGE_NAME ""
| #define PACKAGE_TARNAME ""
| #define PACKAGE_VERSION ""
| #define PACKAGE_STRING ""
| #define PACKAGE_BUGREPORT ""
| #define PACKAGE "gpesummary"
| #define VERSION "0.6"
| #define STDC_HEADERS 1
| #define HAVE_SYS_TYPES_H 1
| #define HAVE_SYS_STAT_H 1
| #define HAVE_STDLIB_H 1
| #define HAVE_STRING_H 1
| #define HAVE_MEMORY_H 1
| #define HAVE_STRINGS_H 1
| #define HAVE_INTTYPES_H 1
| #define HAVE_STDINT_H 1
| #define HAVE_UNISTD_H 1
| #define HAVE_DLFCN_H 1
| /* end confdefs.h.  */
| 
| int
| main ()
| {
| exit (42);
|   ;
|   return 0;
| }
configure:4722: g++ -c -g -O2  conftest.cc >&5
configure:4728: $? = 0
configure:4731: test -z 			 || test ! -s conftest.err
configure:4734: $? = 0
configure:4737: test -s conftest.o
configure:4740: $? = 0
configure:4766: g++ -c -g -O2  conftest.cc >&5
configure:4772: $? = 0
configure:4775: test -z 			 || test ! -s conftest.err
configure:4778: $? = 0
configure:4781: test -s conftest.o
configure:4784: $? = 0
configure:4809: checking dependency style of g++
configure:4892: result: gcc3
configure:4919: checking how to run the C++ preprocessor
configure:4950: g++ -E  conftest.cc
configure:4956: $? = 0
configure:4988: g++ -E  conftest.cc
conftest.cc:25:28: ac_nonexistent.h: No such file or directory
configure:4994: $? = 1
configure: failed program was:
| /* confdefs.h.  */
| 
| #define PACKAGE_NAME ""
| #define PACKAGE_TARNAME ""
| #define PACKAGE_VERSION ""
| #define PACKAGE_STRING ""
| #define PACKAGE_BUGREPORT ""
| #define PACKAGE "gpesummary"
| #define VERSION "0.6"
| #define STDC_HEADERS 1
| #define HAVE_SYS_TYPES_H 1
| #define HAVE_SYS_STAT_H 1
| #define HAVE_STDLIB_H 1
| #define HAVE_STRING_H 1
| #define HAVE_MEMORY_H 1
| #define HAVE_STRINGS_H 1
| #define HAVE_INTTYPES_H 1
| #define HAVE_STDINT_H 1
| #define HAVE_UNISTD_H 1
| #define HAVE_DLFCN_H 1
| #ifdef __cplusplus
| extern "C" void std::exit (int) throw (); using std::exit;
| #endif
| /* end confdefs.h.  */
| #include <ac_nonexistent.h>
configure:5033: result: g++ -E
configure:5057: g++ -E  conftest.cc
configure:5063: $? = 0
configure:5095: g++ -E  conftest.cc
conftest.cc:25:28: ac_nonexistent.h: No such file or directory
configure:5101: $? = 1
configure: failed program was:
| /* confdefs.h.  */
| 
| #define PACKAGE_NAME ""
| #define PACKAGE_TARNAME ""
| #define PACKAGE_VERSION ""
| #define PACKAGE_STRING ""
| #define PACKAGE_BUGREPORT ""
| #define PACKAGE "gpesummary"
| #define VERSION "0.6"
| #define STDC_HEADERS 1
| #define HAVE_SYS_TYPES_H 1
| #define HAVE_SYS_STAT_H 1
| #define HAVE_STDLIB_H 1
| #define HAVE_STRING_H 1
| #define HAVE_MEMORY_H 1
| #define HAVE_STRINGS_H 1
| #define HAVE_INTTYPES_H 1
| #define HAVE_STDINT_H 1
| #define HAVE_UNISTD_H 1
| #define HAVE_DLFCN_H 1
| #ifdef __cplusplus
| extern "C" void std::exit (int) throw (); using std::exit;
| #endif
| /* end confdefs.h.  */
| #include <ac_nonexistent.h>
configure:5198: checking for g77
configure:5227: result: no
configure:5198: checking for f77
configure:5227: result: no
configure:5198: checking for xlf
configure:5227: result: no
configure:5198: checking for frt
configure:5227: result: no
configure:5198: checking for pgf77
configure:5227: result: no
configure:5198: checking for fort77
configure:5227: result: no
configure:5198: checking for fl32
configure:5227: result: no
configure:5198: checking for af77
configure:5227: result: no
configure:5198: checking for f90
configure:5227: result: no
configure:5198: checking for xlf90
configure:5227: result: no
configure:5198: checking for pgf90
configure:5227: result: no
configure:5198: checking for epcf90
configure:5227: result: no
configure:5198: checking for f95
configure:5227: result: no
configure:5198: checking for fort
configure:5227: result: no
configure:5198: checking for xlf95
configure:5227: result: no
configure:5198: checking for ifc
configure:5227: result: no
configure:5198: checking for efc
configure:5227: result: no
configure:5198: checking for pgf95
configure:5227: result: no
configure:5198: checking for lf95
configure:5227: result: no
configure:5198: checking for gfortran
configure:5227: result: no
configure:5242: checking for Fortran 77 compiler version
configure:5242:  --version </dev/null >&5
./configure: line 1: --version: command not found
configure:5245: $? = 127
configure:5247:  -v </dev/null >&5
./configure: line 1: -v: command not found
configure:5250: $? = 127
configure:5252:  -V </dev/null >&5
./configure: line 1: -V: command not found
configure:5255: $? = 127
configure:5263: checking whether we are using the GNU Fortran 77 compiler
configure:5277:  -c  conftest.F >&5
./configure: line 1: -c: command not found
configure:5283: $? = 127
configure: failed program was:
|       program main
| #ifndef __GNUC__
|        choke me
| #endif
| 
|       end
configure:5308: result: no
configure:5314: checking whether  accepts -g
configure:5326:  -c -g conftest.f >&5
./configure: line 1: -c: command not found
configure:5332: $? = 127
configure: failed program was:
|       program main
| 
|       end
configure:5356: result: no
configure:5386: checking the maximum length of command line arguments
configure:5478: result: 32768
configure:5489: checking command to parse /scratchbox/compilers/bin/nm -B output from gcc object
configure:5585: gcc -c -Wall -g -O2  conftest.c >&5
configure:5588: $? = 0
configure:5592: /scratchbox/compilers/bin/nm -B conftest.o \| sed -n -e 's/^.*[ 	]\([ABCDGIRSTW][ABCDGIRSTW]*\)[ 	][ 	]*\([_A-Za-z][_A-Za-z0-9]*\)$/\1 \2 \2/p' \> conftest.nm
configure:5595: $? = 0
configure:5647: gcc -o conftest -Wall -g -O2   conftest.c conftstm.o >&5
configure:5650: $? = 0
configure:5688: result: ok
configure:5692: checking for objdir
configure:5707: result: .libs
configure:5797: checking for ar
configure:5813: found /scratchbox/compilers/bin/ar
configure:5824: result: ar
configure:5877: checking for ranlib
configure:5893: found /scratchbox/compilers/bin/ranlib
configure:5904: result: ranlib
configure:5957: checking for strip
configure:5973: found /scratchbox/compilers/bin/strip
configure:5984: result: strip
configure:6271: checking if gcc static flag  works
configure:6299: result: yes
configure:6317: checking if gcc supports -fno-rtti -fno-exceptions
configure:6338: gcc -c -Wall -g -O2  -fno-rtti -fno-exceptions conftest.c >&5
cc1: warning: command line option "-fno-rtti" is valid for C++/ObjC++ but not for C
configure:6342: $? = 0
configure:6352: result: no
configure:6367: checking for gcc option to produce PIC
configure:6571: result: -fPIC
configure:6579: checking if gcc PIC flag -fPIC works
configure:6600: gcc -c -Wall -g -O2  -fPIC -DPIC conftest.c >&5
configure:6604: $? = 0
configure:6614: result: yes
configure:6638: checking if gcc supports -c -o file.o
configure:6662: gcc -c -Wall -g -O2  -o out/conftest2.o conftest.c >&5
configure:6666: $? = 0
configure:6685: result: yes
configure:6711: checking whether the gcc linker (/scratchbox/compilers/cs2005q3.2-glibc-arm/arm-none-linux-gnueabi/bin/ld) supports shared libraries
configure:7605: result: yes
configure:7631: checking whether -lc should be explicitly linked in
configure:7636: gcc -c -Wall -g -O2  conftest.c >&5
configure:7639: $? = 0
configure:7653: gcc -shared conftest.o  -v -Wl,-soname -Wl,conftest -o conftest 2\>\&1 \| grep  -lc  \>/dev/null 2\>\&1
configure:7656: $? = 0
configure:7668: result: no
configure:7676: checking dynamic linker characteristics
configure:8230: result: GNU/Linux ld.so
configure:8234: checking how to hardcode library paths into programs
configure:8259: result: immediate
configure:8273: checking whether stripping libraries is possible
configure:8278: result: yes
configure:9101: checking if libtool supports shared libraries
configure:9103: result: yes
configure:9106: checking whether to build shared libraries
configure:9127: result: yes
configure:9130: checking whether to build static libraries
configure:9134: result: no
configure:9226: creating libtool
configure:9804: checking for ld used by g++
configure:9871: result: /scratchbox/compilers/cs2005q3.2-glibc-arm/arm-none-linux-gnueabi/bin/ld
configure:9880: checking if the linker (/scratchbox/compilers/cs2005q3.2-glibc-arm/arm-none-linux-gnueabi/bin/ld) is GNU ld
configure:9895: result: yes
configure:9946: checking whether the g++ linker (/scratchbox/compilers/cs2005q3.2-glibc-arm/arm-none-linux-gnueabi/bin/ld) supports shared libraries
configure:10824: result: yes
configure:10842: g++ -c -g -O2  conftest.cpp >&5
configure:10845: $? = 0
configure:10955: checking for g++ option to produce PIC
configure:11223: result: -fPIC
configure:11231: checking if g++ PIC flag -fPIC works
configure:11252: g++ -c -g -O2  -fPIC -DPIC conftest.cpp >&5
configure:11256: $? = 0
configure:11266: result: yes
configure:11290: checking if g++ supports -c -o file.o
configure:11314: g++ -c -g -O2  -o out/conftest2.o conftest.cpp >&5
configure:11318: $? = 0
configure:11337: result: yes
configure:11363: checking whether the g++ linker (/scratchbox/compilers/cs2005q3.2-glibc-arm/arm-none-linux-gnueabi/bin/ld) supports shared libraries
configure:11388: result: yes
configure:11459: checking dynamic linker characteristics
configure:12013: result: GNU/Linux ld.so
configure:12017: checking how to hardcode library paths into programs
configure:12042: result: immediate
configure:12056: checking whether stripping libraries is possible
configure:12061: result: yes
configure:19572: checking for pkg-config
configure:19590: found /scratchbox/devkits/maemo3-tools/bin/pkg-config
configure:19603: result: /scratchbox/devkits/maemo3-tools/bin/pkg-config
configure:19620: checking for gtk+-2.0
configure:19624: result: yes
configure:19628: checking GTK_CFLAGS
configure:19631: result: -I/usr/include/gtk-2.0 -I/usr/lib/gtk-2.0/include -I/usr/include/atk-1.0 -I/usr/include/pango-1.0 -I/usr/include/freetype2 -I/usr/include/glib-2.0 -I/usr/lib/glib-2.0/include  
configure:19634: checking GTK_LIBS
configure:19637: result: -lgtk-x11-2.0 -lgdk-x11-2.0 -latk-1.0 -lgdk_pixbuf-2.0 -lm -lpangoxft-1.0 -lpangox-1.0 -lpango-1.0 -lgobject-2.0 -lgmodule-2.0 -ldl -lglib-2.0  
configure:19721: checking for libosso >= 0.8.4
configure:19725: result: yes
configure:19729: checking OSSO_CFLAGS
configure:19732: result: -I/usr/include/dbus-1.0 -I/usr/lib/dbus-1.0/include -I/usr/include/glib-2.0 -I/usr/lib/glib-2.0/include  
configure:19735: checking OSSO_LIBS
configure:19738: result: -losso -ldbus-glib-1 -ldbus-1 -lglib-2.0  
configure:19822: checking for gconf-2.0 >= 2.6.4
configure:19826: result: yes
configure:19830: checking GCONF_CFLAGS
configure:19833: result: -I/usr/include/gconf/2 -I/usr/include/dbus-1.0 -I/usr/lib/dbus-1.0/include -I/usr/include/glib-2.0 -I/usr/lib/glib-2.0/include  
configure:19836: checking GCONF_LIBS
configure:19839: result: -lgconf-2 -ldbus-glib-1 -ldbus-1 -lglib-2.0  
configure:19925: checking for libeventdb >= 0.0.1
configure:19929: result: yes
configure:19933: checking EVENTDB_CFLAGS
configure:19936: result: -I/usr/include/glib-2.0 -I/usr/lib/glib-2.0/include  
configure:19939: checking EVENTDB_LIBS
configure:19942: result: -leventdb -lglib-2.0  
configure:20026: checking for libtododb >= 0.0.1
configure:20030: result: yes
configure:20034: checking TODODB_CFLAGS
configure:20037: result:  
configure:20040: checking TODODB_LIBS
configure:20043: result: -ltododb -lsqlite  
configure:20127: checking for libcontactsdb >= 0.0.1
configure:20131: result: yes
configure:20135: checking LIBCONTACTSDB_CFLAGS
configure:20138: result:  
configure:20141: checking LIBCONTACTSDB_LIBS
configure:20144: result: -lcontactsdb -lsqlite  
configure:20191: checking for intltool >= 0.23
configure:20201: result: 0.33 found
configure:20258: checking for perl
configure:20276: found /scratchbox/tools/bin/perl
configure:20288: result: /scratchbox/tools/bin/perl
configure:20306: checking for XML::Parser
configure:20309: result: ok
configure:20320: checking for iconv
configure:20338: found /usr/bin/iconv
configure:20351: result: /usr/bin/iconv
configure:20360: checking for msgfmt
configure:20378: found /scratchbox/tools/bin/msgfmt
configure:20391: result: /scratchbox/tools/bin/msgfmt
configure:20400: checking for msgmerge
configure:20418: found /scratchbox/tools/bin/msgmerge
configure:20431: result: /scratchbox/tools/bin/msgmerge
configure:20440: checking for xgettext
configure:20458: found /scratchbox/tools/bin/xgettext
configure:20471: result: /scratchbox/tools/bin/xgettext
configure:20537: checking locale.h usability
configure:20549: gcc -c -Wall -g -O2  conftest.c >&5
configure:20555: $? = 0
configure:20558: test -z 			 || test ! -s conftest.err
configure:20561: $? = 0
configure:20564: test -s conftest.o
configure:20567: $? = 0
configure:20577: result: yes
configure:20581: checking locale.h presence
configure:20591: gcc -E  conftest.c
configure:20597: $? = 0
configure:20617: result: yes
configure:20652: checking for locale.h
configure:20659: result: yes
configure:20673: checking for LC_MESSAGES
configure:20694: gcc -o conftest -Wall -g -O2   conftest.c  >&5
configure:20700: $? = 0
configure:20703: test -z 			 || test ! -s conftest.err
configure:20706: $? = 0
configure:20709: test -s conftest
configure:20712: $? = 0
configure:20724: result: yes
configure:20753: checking libintl.h usability
configure:20765: gcc -c -Wall -g -O2  conftest.c >&5
configure:20771: $? = 0
configure:20774: test -z 			 || test ! -s conftest.err
configure:20777: $? = 0
configure:20780: test -s conftest.o
configure:20783: $? = 0
configure:20793: result: yes
configure:20797: checking libintl.h presence
configure:20807: gcc -E  conftest.c
configure:20813: $? = 0
configure:20833: result: yes
configure:20868: checking for libintl.h
configure:20875: result: yes
configure:20886: checking for ngettext in libc
configure:20909: gcc -o conftest -Wall -g -O2   conftest.c  >&5
configure:20915: $? = 0
configure:20918: test -z 			 || test ! -s conftest.err
configure:20921: $? = 0
configure:20924: test -s conftest
configure:20927: $? = 0
configure:20940: result: yes
configure:20944: checking for dgettext in libc
configure:20967: gcc -o conftest -Wall -g -O2   conftest.c  >&5
configure:20973: $? = 0
configure:20976: test -z 			 || test ! -s conftest.err
configure:20979: $? = 0
configure:20982: test -s conftest
configure:20985: $? = 0
configure:20998: result: yes
configure:21007: checking for bind_textdomain_codeset
configure:21064: gcc -o conftest -Wall -g -O2   conftest.c  >&5
configure:21070: $? = 0
configure:21073: test -z 			 || test ! -s conftest.err
configure:21076: $? = 0
configure:21079: test -s conftest
configure:21082: $? = 0
configure:21094: result: yes
configure:21598: checking for msgfmt
configure:21625: result: /scratchbox/tools/bin/msgfmt
configure:21638: checking for dcgettext
configure:21695: gcc -o conftest -Wall -g -O2   conftest.c   >&5
conftest.c:54: warning: conflicting types for built-in function 'dcgettext'
configure:21701: $? = 0
configure:21704: test -z 			 || test ! -s conftest.err
configure:21707: $? = 0
configure:21710: test -s conftest
configure:21713: $? = 0
configure:21725: result: yes
configure:21737: checking for gmsgfmt
configure:21768: result: /scratchbox/tools/bin/msgfmt
configure:21777: checking for xgettext
configure:21804: result: /scratchbox/tools/bin/xgettext
configure:21828: gcc -o conftest -Wall -g -O2   conftest.c   >&5
configure:21834: $? = 0
configure:21837: test -z 			 || test ! -s conftest.err
configure:21840: $? = 0
configure:21843: test -s conftest
configure:21846: $? = 0
configure:22018: checking for catalogs to be installed
configure:22043: result:  en_GB de_DE en de fi_FI fi
configure:22201: creating ./config.status

## ---------------------- ##
## Running config.status. ##
## ---------------------- ##

This file was extended by config.status, which was
generated by GNU Autoconf 2.59.  Invocation command line was

  CONFIG_FILES    = 
  CONFIG_HEADERS  = 
  CONFIG_LINKS    = 
  CONFIG_COMMANDS = 
  $ ./config.status 

on dhcppc4

config.status:813: creating Makefile
config.status:813: creating po/Makefile.in
config.status:879: creating config.h
config.status:1001: config.h is unchanged
config.status:1181: executing depfiles commands
config.status:1181: executing intltool commands
config.status:1181: executing default-1 commands

## ---------------- ##
## Cache variables. ##
## ---------------- ##

ac_cv_build=arm-unknown-linux-gnu
ac_cv_build_alias=arm-unknown-linux-gnu
ac_cv_c_compiler_gnu=yes
ac_cv_cxx_compiler_gnu=yes
ac_cv_env_CC_set=
ac_cv_env_CC_value=
ac_cv_env_CFLAGS_set=set
ac_cv_env_CFLAGS_value='-Wall -g -O2'
ac_cv_env_CPPFLAGS_set=
ac_cv_env_CPPFLAGS_value=
ac_cv_env_CPP_set=
ac_cv_env_CPP_value=
ac_cv_env_CXXCPP_set=
ac_cv_env_CXXCPP_value=
ac_cv_env_CXXFLAGS_set=
ac_cv_env_CXXFLAGS_value=
ac_cv_env_CXX_set=
ac_cv_env_CXX_value=
ac_cv_env_F77_set=
ac_cv_env_F77_value=
ac_cv_env_FFLAGS_set=
ac_cv_env_FFLAGS_value=
ac_cv_env_LDFLAGS_set=
ac_cv_env_LDFLAGS_value=
ac_cv_env_build_alias_set=
ac_cv_env_build_alias_value=
ac_cv_env_host_alias_set=
ac_cv_env_host_alias_value=
ac_cv_env_target_alias_set=
ac_cv_env_target_alias_value=
ac_cv_exeext=
ac_cv_f77_compiler_gnu=no
ac_cv_func_bind_textdomain_codeset=yes
ac_cv_func_dcgettext=yes
ac_cv_header_dlfcn_h=yes
ac_cv_header_inttypes_h=yes
ac_cv_header_libintl_h=yes
ac_cv_header_locale_h=yes
ac_cv_header_memory_h=yes
ac_cv_header_stdc=yes
ac_cv_header_stdint_h=yes
ac_cv_header_stdlib_h=yes
ac_cv_header_string_h=yes
ac_cv_header_strings_h=yes
ac_cv_header_sys_stat_h=yes
ac_cv_header_sys_types_h=yes
ac_cv_header_unistd_h=yes
ac_cv_host=arm-unknown-linux-gnu
ac_cv_host_alias=arm-unknown-linux-gnu
ac_cv_objext=o
ac_cv_path_GMSGFMT=/scratchbox/tools/bin/msgfmt
ac_cv_path_INTLTOOL_ICONV=/usr/bin/iconv
ac_cv_path_INTLTOOL_MSGFMT=/scratchbox/tools/bin/msgfmt
ac_cv_path_INTLTOOL_MSGMERGE=/scratchbox/tools/bin/msgmerge
ac_cv_path_INTLTOOL_PERL=/scratchbox/tools/bin/perl
ac_cv_path_INTLTOOL_XGETTEXT=/scratchbox/tools/bin/xgettext
ac_cv_path_MSGFMT=/scratchbox/tools/bin/msgfmt
ac_cv_path_PKG_CONFIG=/scratchbox/devkits/maemo3-tools/bin/pkg-config
ac_cv_path_XGETTEXT=/scratchbox/tools/bin/xgettext
ac_cv_path_install='/scratchbox/tools/bin/install -c'
ac_cv_prog_AWK=gawk
ac_cv_prog_CPP='gcc -E'
ac_cv_prog_CXXCPP='g++ -E'
ac_cv_prog_ac_ct_AR=ar
ac_cv_prog_ac_ct_CC=gcc
ac_cv_prog_ac_ct_CXX=g++
ac_cv_prog_ac_ct_RANLIB=ranlib
ac_cv_prog_ac_ct_STRIP=strip
ac_cv_prog_cc_g=yes
ac_cv_prog_cc_stdc=
ac_cv_prog_cxx_g=yes
ac_cv_prog_egrep='grep -E'
ac_cv_prog_f77_g=no
ac_cv_prog_make_make_set=yes
am_cv_CC_dependencies_compiler_type=gcc3
am_cv_CXX_dependencies_compiler_type=gcc3
am_cv_val_LC_MESSAGES=yes
gt_cv_func_dgettext_libc=yes
gt_cv_func_dgettext_libintl=no
gt_cv_func_ngettext_libc=yes
gt_cv_have_gettext=yes
lt_cv_deplibs_check_method=pass_all
lt_cv_file_magic_cmd='$MAGIC_CMD'
lt_cv_file_magic_test_file=
lt_cv_ld_reload_flag=-r
lt_cv_objdir=.libs
lt_cv_path_LD=/scratchbox/compilers/cs2005q3.2-glibc-arm/arm-none-linux-gnueabi/bin/ld
lt_cv_path_LDCXX=/scratchbox/compilers/cs2005q3.2-glibc-arm/arm-none-linux-gnueabi/bin/ld
lt_cv_path_NM='/scratchbox/compilers/bin/nm -B'
lt_cv_path_SED=/scratchbox/tools/bin/sed
lt_cv_prog_compiler_c_o=yes
lt_cv_prog_compiler_c_o_CXX=yes
lt_cv_prog_compiler_rtti_exceptions=no
lt_cv_prog_gnu_ld=yes
lt_cv_prog_gnu_ldcxx=yes
lt_cv_sys_global_symbol_pipe='sed -n -e '\''s/^.*[ 	]\([ABCDGIRSTW][ABCDGIRSTW]*\)[ 	][ 	]*\([_A-Za-z][_A-Za-z0-9]*\)$/\1 \2 \2/p'\'''
lt_cv_sys_global_symbol_to_c_name_address='sed -n -e '\''s/^: \([^ ]*\) $/  {\"\1\", (lt_ptr) 0},/p'\'' -e '\''s/^[BCDEGRST] \([^ ]*\) \([^ ]*\)$/  {"\2", (lt_ptr) \&\2},/p'\'''
lt_cv_sys_global_symbol_to_cdecl='sed -n -e '\''s/^. .* \(.*\)$/extern int \1;/p'\'''
lt_cv_sys_max_cmd_len=32768
lt_lt_cv_prog_compiler_c_o='"yes"'
lt_lt_cv_prog_compiler_c_o_CXX='"yes"'
lt_lt_cv_sys_global_symbol_pipe='"sed -n -e '\''s/^.*[ 	]\\([ABCDGIRSTW][ABCDGIRSTW]*\\)[ 	][ 	]*\\([_A-Za-z][_A-Za-z0-9]*\\)\$/\\1 \\2 \\2/p'\''"'
lt_lt_cv_sys_global_symbol_to_c_name_address='"sed -n -e '\''s/^: \\([^ ]*\\) \$/  {\\\"\\1\\\", (lt_ptr) 0},/p'\'' -e '\''s/^[BCDEGRST] \\([^ ]*\\) \\([^ ]*\\)\$/  {\"\\2\", (lt_ptr) \\&\\2},/p'\''"'
lt_lt_cv_sys_global_symbol_to_cdecl='"sed -n -e '\''s/^. .* \\(.*\\)\$/extern int \\1;/p'\''"'

## ----------------- ##
## Output variables. ##
## ----------------- ##

ACLOCAL='${SHELL} /home/chris/gpesummary-0.7/missing --run aclocal-1.7'
AMDEPBACKSLASH='\'
AMDEP_FALSE='#'
AMDEP_TRUE=''
AMTAR='${SHELL} /home/chris/gpesummary-0.7/missing --run tar'
AR='ar'
AUTOCONF='${SHELL} /home/chris/gpesummary-0.7/missing --run autoconf'
AUTOHEADER='${SHELL} /home/chris/gpesummary-0.7/missing --run autoheader'
AUTOMAKE='${SHELL} /home/chris/gpesummary-0.7/missing --run automake-1.7'
AWK='gawk'
CATALOGS=' en_GB.gmo de_DE.gmo en.gmo de.gmo fi_FI.gmo fi.gmo'
CATOBJEXT='.gmo'
CC='gcc'
CCDEPMODE='depmode=gcc3'
CFLAGS='-Wall -g -O2'
CPP='gcc -E'
CPPFLAGS=''
CXX='g++'
CXXCPP='g++ -E'
CXXDEPMODE='depmode=gcc3'
CXXFLAGS='-g -O2'
CYGPATH_W='echo'
DATADIRNAME='share'
DEFS='-DHAVE_CONFIG_H'
DEPDIR='.deps'
ECHO='echo'
ECHO_C=''
ECHO_N='-n'
ECHO_T=''
EGREP='grep -E'
EVENTDB_CFLAGS='-I/usr/include/glib-2.0 -I/usr/lib/glib-2.0/include  '
EVENTDB_LIBS='-leventdb -lglib-2.0  '
EXEEXT=''
F77=''
FFLAGS=''
GCONF_CFLAGS='-I/usr/include/gconf/2 -I/usr/include/dbus-1.0 -I/usr/lib/dbus-1.0/include -I/usr/include/glib-2.0 -I/usr/lib/glib-2.0/include  '
GCONF_LIBS='-lgconf-2 -ldbus-glib-1 -ldbus-1 -lglib-2.0  '
GETTEXT_PACKAGE='gpesummary'
GMOFILES=' en_GB.gmo de_DE.gmo en.gmo de.gmo fi_FI.gmo fi.gmo'
GMSGFMT='/scratchbox/tools/bin/msgfmt'
GTK_CFLAGS='-I/usr/include/gtk-2.0 -I/usr/lib/gtk-2.0/include -I/usr/include/atk-1.0 -I/usr/include/pango-1.0 -I/usr/include/freetype2 -I/usr/include/glib-2.0 -I/usr/lib/glib-2.0/include  '
GTK_LIBS='-lgtk-x11-2.0 -lgdk-x11-2.0 -latk-1.0 -lgdk_pixbuf-2.0 -lm -lpangoxft-1.0 -lpangox-1.0 -lpango-1.0 -lgobject-2.0 -lgmodule-2.0 -ldl -lglib-2.0  '
INSTALL_DATA='${INSTALL} -m 644'
INSTALL_PROGRAM='${INSTALL}'
INSTALL_SCRIPT='${INSTALL}'
INSTALL_STRIP_PROGRAM='${SHELL} $(install_sh) -c -s'
INSTOBJEXT='.mo'
INTLLIBS=''
INTLTOOL_CAVES_RULE='%.caves:     %.caves.in     $(INTLTOOL_MERGE) $(wildcard $(top_srcdir)/po/*.po) ; LC_ALL=C $(INTLTOOL_MERGE) -d -u -c $(top_builddir)/po/.intltool-merge-cache $(top_srcdir)/po $< $@'
INTLTOOL_DESKTOP_RULE='%.desktop:   %.desktop.in   $(INTLTOOL_MERGE) $(wildcard $(top_srcdir)/po/*.po) ; LC_ALL=C $(INTLTOOL_MERGE) -d -u -c $(top_builddir)/po/.intltool-merge-cache $(top_srcdir)/po $< $@'
INTLTOOL_DIRECTORY_RULE='%.directory: %.directory.in $(INTLTOOL_MERGE) $(wildcard $(top_srcdir)/po/*.po) ; LC_ALL=C $(INTLTOOL_MERGE) -d -u -c $(top_builddir)/po/.intltool-merge-cache $(top_srcdir)/po $< $@'
INTLTOOL_EXTRACT='$(top_builddir)/intltool-extract'
INTLTOOL_ICONV='/usr/bin/iconv'
INTLTOOL_KBD_RULE='%.kbd:       %.kbd.in       $(INTLTOOL_MERGE) $(wildcard $(top_srcdir)/po/*.po) ; LC_ALL=C $(INTLTOOL_MERGE) -x -u -m -c $(top_builddir)/po/.intltool-merge-cache $(top_srcdir)/po $< $@'
INTLTOOL_KEYS_RULE='%.keys:      %.keys.in      $(INTLTOOL_MERGE) $(wildcard $(top_srcdir)/po/*.po) ; LC_ALL=C $(INTLTOOL_MERGE) -k -u -c $(top_builddir)/po/.intltool-merge-cache $(top_srcdir)/po $< $@'
INTLTOOL_MERGE='$(top_builddir)/intltool-merge'
INTLTOOL_MSGFMT='/scratchbox/tools/bin/msgfmt'
INTLTOOL_MSGMERGE='/scratchbox/tools/bin/msgmerge'
INTLTOOL_OAF_RULE='%.oaf:       %.oaf.in       $(INTLTOOL_MERGE) $(wildcard $(top_srcdir)/po/*.po) ; LC_ALL=C $(INTLTOOL_MERGE) -o -p $(top_srcdir)/po $< $@'
INTLTOOL_PERL='/scratchbox/tools/bin/perl'
INTLTOOL_PONG_RULE='%.pong:      %.pong.in      $(INTLTOOL_MERGE) $(wildcard $(top_srcdir)/po/*.po) ; LC_ALL=C $(INTLTOOL_MERGE) -x -u -c $(top_builddir)/po/.intltool-merge-cache $(top_srcdir)/po $< $@'
INTLTOOL_PROP_RULE='%.prop:      %.prop.in      $(INTLTOOL_MERGE) $(wildcard $(top_srcdir)/po/*.po) ; LC_ALL=C $(INTLTOOL_MERGE) -d -u -c $(top_builddir)/po/.intltool-merge-cache $(top_srcdir)/po $< $@'
INTLTOOL_SCHEMAS_RULE='%.schemas:   %.schemas.in   $(INTLTOOL_MERGE) $(wildcard $(top_srcdir)/po/*.po) ; LC_ALL=C $(INTLTOOL_MERGE) -s -u -c $(top_builddir)/po/.intltool-merge-cache $(top_srcdir)/po $< $@'
INTLTOOL_SERVER_RULE='%.server:    %.server.in    $(INTLTOOL_MERGE) $(wildcard $(top_srcdir)/po/*.po) ; LC_ALL=C $(INTLTOOL_MERGE) -o -u -c $(top_builddir)/po/.intltool-merge-cache $(top_srcdir)/po $< $@'
INTLTOOL_SHEET_RULE='%.sheet:     %.sheet.in     $(INTLTOOL_MERGE) $(wildcard $(top_srcdir)/po/*.po) ; LC_ALL=C $(INTLTOOL_MERGE) -x -u -c $(top_builddir)/po/.intltool-merge-cache $(top_srcdir)/po $< $@'
INTLTOOL_SOUNDLIST_RULE='%.soundlist: %.soundlist.in $(INTLTOOL_MERGE) $(wildcard $(top_srcdir)/po/*.po) ; LC_ALL=C $(INTLTOOL_MERGE) -d -u -c $(top_builddir)/po/.intltool-merge-cache $(top_srcdir)/po $< $@'
INTLTOOL_THEME_RULE='%.theme:     %.theme.in     $(INTLTOOL_MERGE) $(wildcard $(top_srcdir)/po/*.po) ; LC_ALL=C $(INTLTOOL_MERGE) -d -u -c $(top_builddir)/po/.intltool-merge-cache $(top_srcdir)/po $< $@'
INTLTOOL_UI_RULE='%.ui:        %.ui.in        $(INTLTOOL_MERGE) $(wildcard $(top_srcdir)/po/*.po) ; LC_ALL=C $(INTLTOOL_MERGE) -x -u -c $(top_builddir)/po/.intltool-merge-cache $(top_srcdir)/po $< $@'
INTLTOOL_UPDATE='$(top_builddir)/intltool-update'
INTLTOOL_XAM_RULE='%.xam:       %.xml.in       $(INTLTOOL_MERGE) $(wildcard $(top_srcdir)/po/*.po) ; LC_ALL=C $(INTLTOOL_MERGE) -x -u -c $(top_builddir)/po/.intltool-merge-cache $(top_srcdir)/po $< $@'
INTLTOOL_XGETTEXT='/scratchbox/tools/bin/xgettext'
INTLTOOL_XML_NOMERGE_RULE='%.xml:       %.xml.in       $(INTLTOOL_MERGE) ; LC_ALL=C $(INTLTOOL_MERGE) -x -u /tmp $< $@'
INTLTOOL_XML_RULE='%.xml:       %.xml.in       $(INTLTOOL_MERGE) $(wildcard $(top_srcdir)/po/*.po) ; LC_ALL=C $(INTLTOOL_MERGE) -x -u -c $(top_builddir)/po/.intltool-merge-cache $(top_srcdir)/po $< $@'
LDFLAGS=''
LIBCONTACTSDB_CFLAGS=' '
LIBCONTACTSDB_LIBS='-lcontactsdb -lsqlite  '
LIBOBJS=''
LIBS=''
LIBTOOL='$(SHELL) $(top_builddir)/libtool'
LN_S='ln -s'
LTLIBOBJS=''
MAKEINFO='${SHELL} /home/chris/gpesummary-0.7/missing --run makeinfo'
MKINSTALLDIRS='./mkinstalldirs'
MSGFMT='/scratchbox/tools/bin/msgfmt'
OBJEXT='o'
OSSO_CFLAGS='-I/usr/include/dbus-1.0 -I/usr/lib/dbus-1.0/include -I/usr/include/glib-2.0 -I/usr/lib/glib-2.0/include  '
OSSO_LIBS='-losso -ldbus-glib-1 -ldbus-1 -lglib-2.0  '
PACKAGE='gpesummary'
PACKAGE_BUGREPORT=''
PACKAGE_NAME=''
PACKAGE_STRING=''
PACKAGE_TARNAME=''
PACKAGE_VERSION=''
PATH_SEPARATOR=':'
PKG_CONFIG='/scratchbox/devkits/maemo3-tools/bin/pkg-config'
POFILES=' en_GB.po de_DE.po en.po de.po fi_FI.po fi.po'
POSUB='po'
PO_IN_DATADIR_FALSE=''
PO_IN_DATADIR_TRUE=''
RANLIB='ranlib'
SET_MAKE=''
SHELL='/bin/sh'
STRIP='strip'
TODODB_CFLAGS=' '
TODODB_LIBS='-ltododb -lsqlite  '
USE_NLS='yes'
VERSION='0.6'
XGETTEXT='/scratchbox/tools/bin/xgettext'
ac_ct_AR='ar'
ac_ct_CC='gcc'
ac_ct_CXX='g++'
ac_ct_F77=''
ac_ct_RANLIB='ranlib'
ac_ct_STRIP='strip'
am__fastdepCC_FALSE='#'
am__fastdepCC_TRUE=''
am__fastdepCXX_FALSE='#'
am__fastdepCXX_TRUE=''
am__include='include'
am__leading_dot='.'
am__quote=''
bindir='${exec_prefix}/bin'
build='arm-unknown-linux-gnu'
build_alias=''
build_cpu='arm'
build_os='linux-gnu'
build_vendor='unknown'
datadir='${prefix}/share'
exec_prefix='${prefix}'
host='arm-unknown-linux-gnu'
host_alias=''
host_cpu='arm'
host_os='linux-gnu'
host_vendor='unknown'
includedir='${prefix}/include'
infodir='${prefix}/info'
install_sh='/home/chris/gpesummary-0.7/install-sh'
libdir='${exec_prefix}/lib'
libexecdir='${exec_prefix}/libexec'
localstatedir='${prefix}/var'
mandir='${prefix}/man'
mkdir_p='mkdir -p -- .'
oldincludedir='/usr/include'
prefix='/usr'
program_transform_name='s,x,x,'
sbindir='${exec_prefix}/sbin'
sharedstatedir='${prefix}/com'
sysconfdir='${prefix}/etc'
target_alias=''

## ----------- ##
## confdefs.h. ##
## ----------- ##

#define ENABLE_NLS 1
#define HAVE_BIND_TEXTDOMAIN_CODESET 1
#define HAVE_DCGETTEXT 1
#define HAVE_DLFCN_H 1
#define HAVE_GETTEXT 1
#define HAVE_INTTYPES_H 1
#define HAVE_LC_MESSAGES 1
#define HAVE_LOCALE_H 1
#define HAVE_MEMORY_H 1
#define HAVE_STDINT_H 1
#define HAVE_STDLIB_H 1
#define HAVE_STRINGS_H 1
#define HAVE_STRING_H 1
#define HAVE_SYS_STAT_H 1
#define HAVE_SYS_TYPES_H 1
#define HAVE_UNISTD_H 1
#define PACKAGE "gpesummary"
#define PACKAGE_BUGREPORT ""
#define PACKAGE_LOCALE_DIR "/usr//locale"
#define PACKAGE_NAME ""
#define PACKAGE_STRING ""
#define PACKAGE_TARNAME ""
#define PACKAGE_VERSION ""
#define STDC_HEADERS 1
#define VERSION "0.6"
#endif
#ifdef __cplusplus
extern "C" void std::exit (int) throw (); using std::exit;

configure: exit 0
